<?xml version="1.0" encoding="UTF-8"?>
<testsuite name="Phonebook.tests.HomePageTests" tests="1" skipped="0" failures="0" errors="0" timestamp="2025-10-14T06:38:33.181Z" hostname="ALEX" time="0.067">
  <properties/>
  <testcase name="isHomeComponentPresentTest" classname="Phonebook.tests.HomePageTests" time="0.067"/>
  <system-out><![CDATA[08:38:33.084 [Test worker] INFO  Phonebook.core.TestBase -- Start smoky tests
08:38:33.100 [Test worker] INFO  Phonebook.core.TestBase -- Start test isHomeComponentPresentTest with data: []
08:38:33.260 [Test worker] INFO  Phonebook.core.TestBase -- PASSED: isHomeComponentPresentTest
08:38:33.260 [Test worker] INFO  Phonebook.core.TestBase -- Stop test
08:38:33.260 [Test worker] INFO  Phonebook.core.TestBase -- **************************************************
08:38:33.266 [Test worker] INFO  Phonebook.core.TestBase -- Stop smoky tests
]]></system-out>
  <system-err><![CDATA[]]></system-err>
</testsuite>
